{
  "RSpec": {
    "coverage": {
      "/home/ignas/Desktop/Ruby/trainer.rb": [
        1,
        null,
        1,
        1,
        null,
        1,
        7,
        7,
        null,
        null,
        null,
        null,
        7,
        7,
        null,
        null,
        1,
        18,
        null,
        null,
        1,
        1,
        null,
        null,
        1,
        1,
        null,
        null,
        1,
        1,
        null,
        null,
        1,
        1,
        null,
        null,
        1,
        1,
        null,
        null,
        1,
        4,
        4,
        null,
        null
      ],
      "/home/ignas/Desktop/Ruby/account.rb": [
        null,
        1,
        1,
        null,
        1,
        1,
        null,
        null,
        1,
        26,
        26,
        null,
        null,
        null,
        26,
        null,
        null,
        1,
        19,
        null,
        19,
        19,
        19,
        null,
        null,
        1,
        null,
        14,
        12,
        null,
        null,
        1,
        1,
        null,
        null,
        1,
        null,
        4,
        2,
        null,
        null,
        1,
        2,
        1,
        null,
        null,
        1,
        23,
        null,
        null,
        1,
        1,
        null,
        null,
        1,
        2,
        1,
        null,
        1,
        null,
        null,
        null
      ],
      "/home/ignas/Desktop/Ruby/account_spec.rb": [
        1,
        1,
        null,
        1,
        null,
        1,
        1,
        1,
        6,
        6,
        null,
        null,
        1,
        2,
        2,
        null,
        null,
        1,
        2,
        2,
        null,
        null,
        1,
        2,
        2,
        null,
        null,
        null,
        1,
        1,
        1,
        null,
        null,
        1,
        2,
        2,
        null,
        null,
        null,
        1,
        2,
        2,
        null,
        null,
        null,
        null,
        1,
        1,
        2,
        2,
        null,
        null,
        null,
        1,
        2,
        2,
        null,
        null,
        null,
        1,
        1,
        1,
        null,
        null,
        null,
        null,
        1,
        1,
        5,
        5,
        null,
        5,
        null,
        null,
        1,
        1,
        1,
        1,
        null,
        null,
        1,
        1,
        2,
        2,
        1,
        null,
        null,
        1,
        1,
        2,
        2,
        1,
        null,
        null,
        1,
        1,
        2,
        2,
        null,
        null,
        null,
        1,
        2,
        2,
        null,
        null,
        null,
        null
      ]
    },
    "timestamp": 1510017017
  }
}
