{
  "RSpec": {
    "coverage": {
      "/home/ignas/Desktop/RubyOnRails/app/models/account.rb": [
        null,
        null,
        null,
        1,
        1,
        null,
        1,
        1,
        null,
        null,
        1,
        44,
        44,
        null,
        null,
        44,
        null,
        null,
        1,
        37,
        null,
        37,
        37,
        37,
        null,
        null,
        1,
        null,
        31,
        29,
        null,
        null,
        1,
        1,
        null,
        null,
        1,
        null,
        8,
        4,
        null,
        null,
        1,
        2,
        1,
        null,
        null,
        1,
        22,
        null,
        null,
        1,
        1,
        null,
        null,
        1,
        3,
        2,
        null,
        null,
        1,
        5,
        null,
        null
      ],
      "/home/ignas/Desktop/RubyOnRails/app/models/application_record.rb": [
        null,
        null,
        null,
        1,
        1,
        null
      ],
      "/home/ignas/Desktop/RubyOnRails/spec/models/trainer_spec.rb": [
        null,
        null,
        1,
        1,
        1,
        null,
        1,
        1,
        1,
        1,
        null,
        null,
        1,
        2,
        2,
        null,
        null,
        null,
        1,
        1,
        9,
        9,
        9,
        null,
        null,
        1,
        2,
        2,
        null,
        null,
        null,
        1,
        2,
        2,
        null,
        null,
        null,
        1,
        2,
        2,
        null,
        null,
        null,
        1,
        2,
        2,
        null,
        null,
        null,
        1,
        2,
        2,
        null,
        null,
        null,
        1,
        2,
        2,
        null,
        null,
        null,
        1,
        2,
        2,
        null,
        null,
        null,
        1,
        2,
        2,
        null,
        null,
        null,
        1,
        2,
        2,
        null,
        null,
        null,
        null
      ],
      "/home/ignas/Desktop/RubyOnRails/app/models/trainer.rb": [
        null,
        null,
        null,
        1,
        1,
        null,
        1,
        10,
        10,
        null,
        null,
        null,
        null,
        null,
        null,
        1,
        18,
        null,
        null,
        1,
        1,
        null,
        null,
        1,
        1,
        null,
        null,
        1,
        1,
        null,
        null,
        1,
        1,
        null,
        null,
        1,
        1,
        null,
        null,
        1,
        4,
        4,
        null,
        null
      ],
      "/home/ignas/Desktop/RubyOnRails/spec/models/user_spec.rb": [
        null,
        null,
        1,
        1,
        1,
        null,
        1,
        1,
        1,
        1,
        null,
        null,
        1,
        2,
        2,
        null,
        null,
        null,
        null,
        1,
        1,
        8,
        8,
        null,
        8,
        null,
        null,
        1,
        1,
        2,
        2,
        null,
        null,
        null,
        1,
        1,
        2,
        2,
        null,
        null,
        null,
        1,
        1,
        2,
        2,
        null,
        null,
        null,
        1,
        1,
        2,
        2,
        null,
        null,
        null,
        1,
        1,
        null,
        null,
        1,
        1,
        1,
        2,
        2,
        null,
        null,
        null,
        1,
        1,
        null,
        null,
        1,
        1,
        1,
        2,
        2,
        null,
        null,
        null,
        null
      ],
      "/home/ignas/Desktop/RubyOnRails/app/models/user.rb": [
        null,
        null,
        null,
        1,
        1,
        null,
        1,
        9,
        9,
        null,
        null,
        null,
        null,
        1,
        12,
        null,
        null,
        1,
        2,
        1,
        null,
        null,
        1,
        2,
        1,
        null,
        null,
        1,
        1,
        null,
        null,
        1,
        1,
        null,
        null,
        1,
        1,
        null,
        null,
        1,
        1,
        null,
        null
      ]
    },
    "timestamp": 1511197593
  }
}
